2016-02-10 14:21:49 - PHP Notice:  Indirect modification of overloaded property ControllerApiCustomer::$session has no effect in D:\xampp\htdocs\bluesky.vn\catalog\controller\api\customer.php on line 7
2016-02-10 14:21:49 - PHP Warning:  Attempt to modify property of non-object in D:\xampp\htdocs\bluesky.vn\catalog\controller\api\customer.php on line 7
2016-02-18 16:36:59 - PHP Notice:  Undefined property: Loader::$config in D:\xampp\htdocs\bluesky.vn\catalog\view\theme\default\template\common\header.tpl on line 70
2016-02-18 17:07:53 - PHP Notice:  Undefined variable: category in D:\xampp\htdocs\bluesky.vn\catalog\view\theme\default\template\common\header.tpl on line 82
2016-02-18 17:07:53 - PHP Notice:  Undefined variable: category in D:\xampp\htdocs\bluesky.vn\catalog\view\theme\default\template\common\header.tpl on line 82
2016-02-18 17:07:53 - PHP Notice:  Undefined variable: category in D:\xampp\htdocs\bluesky.vn\catalog\view\theme\default\template\common\header.tpl on line 85
2016-02-18 17:07:53 - PHP Notice:  Undefined variable: category in D:\xampp\htdocs\bluesky.vn\catalog\view\theme\default\template\common\header.tpl on line 85
2016-02-18 17:07:53 - PHP Notice:  Undefined variable: category in D:\xampp\htdocs\bluesky.vn\catalog\view\theme\default\template\common\header.tpl on line 85
2016-02-18 17:07:53 - PHP Warning:  Division by zero in D:\xampp\htdocs\bluesky.vn\catalog\view\theme\default\template\common\header.tpl on line 85
2016-02-18 17:07:53 - PHP Warning:  array_chunk() expects parameter 1 to be array, null given in D:\xampp\htdocs\bluesky.vn\catalog\view\theme\default\template\common\header.tpl on line 85
2016-02-18 17:07:53 - PHP Warning:  Invalid argument supplied for foreach() in D:\xampp\htdocs\bluesky.vn\catalog\view\theme\default\template\common\header.tpl on line 85
2016-02-18 17:07:53 - PHP Notice:  Undefined variable: category in D:\xampp\htdocs\bluesky.vn\catalog\view\theme\default\template\common\header.tpl on line 93
2016-02-18 17:07:53 - PHP Notice:  Undefined variable: category in D:\xampp\htdocs\bluesky.vn\catalog\view\theme\default\template\common\header.tpl on line 93
2016-02-18 17:10:15 - PHP Notice:  Undefined variable: child in D:\xampp\htdocs\bluesky.vn\catalog\view\theme\default\template\common\header.tpl on line 88
2016-02-18 17:10:44 - PHP Notice:  Undefined variable: child in D:\xampp\htdocs\bluesky.vn\catalog\view\theme\default\template\common\header.tpl on line 88
2016-02-18 17:13:26 - PHP Notice:  Undefined variable: child in D:\xampp\htdocs\bluesky.vn\catalog\view\theme\default\template\common\header.tpl on line 91
2016-02-18 17:15:50 - PHP Notice:  Undefined variable: child in D:\xampp\htdocs\bluesky.vn\catalog\view\theme\default\template\common\header.tpl on line 91
2016-02-18 17:17:03 - PHP Notice:  Undefined variable: child in D:\xampp\htdocs\bluesky.vn\catalog\view\theme\default\template\common\header.tpl on line 91
2016-02-18 17:17:06 - PHP Notice:  Undefined variable: child in D:\xampp\htdocs\bluesky.vn\catalog\view\theme\default\template\common\header.tpl on line 91
2016-02-18 17:17:40 - PHP Notice:  Undefined variable: child in D:\xampp\htdocs\bluesky.vn\catalog\view\theme\default\template\common\header.tpl on line 91
2016-02-18 17:18:18 - PHP Notice:  Undefined variable: child in D:\xampp\htdocs\bluesky.vn\catalog\view\theme\default\template\common\header.tpl on line 91
2016-02-18 17:18:41 - PHP Notice:  Undefined variable: child in D:\xampp\htdocs\bluesky.vn\catalog\view\theme\default\template\common\header.tpl on line 91
2016-02-18 17:18:54 - PHP Notice:  Undefined variable: child in D:\xampp\htdocs\bluesky.vn\catalog\view\theme\default\template\common\header.tpl on line 91
2016-02-18 17:18:55 - PHP Notice:  Undefined variable: child in D:\xampp\htdocs\bluesky.vn\catalog\view\theme\default\template\common\header.tpl on line 91
2016-02-18 17:19:42 - PHP Notice:  Undefined variable: child in D:\xampp\htdocs\bluesky.vn\catalog\view\theme\default\template\common\header.tpl on line 91
2016-02-18 17:20:24 - PHP Notice:  Undefined variable: child in D:\xampp\htdocs\bluesky.vn\catalog\view\theme\default\template\common\header.tpl on line 91
2016-02-18 17:20:35 - PHP Notice:  Undefined variable: child in D:\xampp\htdocs\bluesky.vn\catalog\view\theme\default\template\common\header.tpl on line 91
2016-02-18 17:21:13 - PHP Notice:  Undefined variable: child in D:\xampp\htdocs\bluesky.vn\catalog\view\theme\default\template\common\header.tpl on line 91
2016-02-18 17:22:05 - PHP Notice:  Undefined variable: child in D:\xampp\htdocs\bluesky.vn\catalog\view\theme\default\template\common\header.tpl on line 86
2016-02-18 17:22:05 - PHP Notice:  Undefined variable: child in D:\xampp\htdocs\bluesky.vn\catalog\view\theme\default\template\common\header.tpl on line 87
2016-02-18 17:22:05 - PHP Notice:  Undefined variable: child in D:\xampp\htdocs\bluesky.vn\catalog\view\theme\default\template\common\header.tpl on line 88
2016-02-18 17:22:05 - PHP Notice:  Undefined variable: child in D:\xampp\htdocs\bluesky.vn\catalog\view\theme\default\template\common\header.tpl on line 89
2016-02-18 17:22:05 - PHP Notice:  Undefined variable: child in D:\xampp\htdocs\bluesky.vn\catalog\view\theme\default\template\common\header.tpl on line 90
2016-03-04 16:53:27 - PHP Notice:  Undefined index: width in D:\xampp\htdocs\bluesky.vn\admin\controller\module\carousel.php on line 118
2016-03-04 16:53:48 - PHP Notice:  Undefined index: width in D:\xampp\htdocs\bluesky.vn\admin\controller\module\carousel.php on line 118
2016-03-04 16:54:40 - PHP Notice:  Undefined index: sort_order in D:\xampp\htdocs\bluesky.vn\admin\model\design\banner.php on line 37
2016-03-04 16:54:40 - PHP Notice:  Undefined index: sort_order in D:\xampp\htdocs\bluesky.vn\admin\model\design\banner.php on line 37
2016-03-04 17:08:58 - PHP Notice:  Undefined index: sort_order in D:\xampp\htdocs\bluesky.vn\admin\controller\design\banner.php on line 386
2016-03-04 17:08:58 - PHP Notice:  Undefined index: sort_order in D:\xampp\htdocs\bluesky.vn\admin\controller\design\banner.php on line 386
2016-03-04 17:11:20 - PHP Notice:  Undefined index: sort_order in D:\xampp\htdocs\bluesky.vn\admin\controller\design\banner.php on line 386
2016-03-04 17:11:20 - PHP Notice:  Undefined index: sort_order in D:\xampp\htdocs\bluesky.vn\admin\controller\design\banner.php on line 386
2016-03-04 17:11:20 - PHP Notice:  Undefined index: sort_order in D:\xampp\htdocs\bluesky.vn\admin\controller\design\banner.php on line 386
2016-03-04 17:11:20 - PHP Notice:  Undefined index: sort_order in D:\xampp\htdocs\bluesky.vn\admin\controller\design\banner.php on line 386
2016-03-05 2:33:32 - PHP Notice:  Undefined variable: text_content_main in D:\xampp\htdocs\bluesky.vn\admin\view\template\design\layout_form.tpl on line 115
2016-03-05 2:33:32 - PHP Notice:  Undefined variable: text_content_main in D:\xampp\htdocs\bluesky.vn\admin\view\template\design\layout_form.tpl on line 115
2016-03-05 2:33:32 - PHP Notice:  Undefined variable: text_content_main in D:\xampp\htdocs\bluesky.vn\admin\view\template\design\layout_form.tpl on line 115
2016-03-05 2:33:32 - PHP Notice:  Undefined variable: text_content_main in D:\xampp\htdocs\bluesky.vn\admin\view\template\design\layout_form.tpl on line 115
2016-03-05 2:35:42 - PHP Notice:  Undefined variable: text_content_main in D:\xampp\htdocs\bluesky.vn\admin\view\template\design\layout_form.tpl on line 115
2016-03-05 2:35:42 - PHP Notice:  Undefined variable: text_content_main in D:\xampp\htdocs\bluesky.vn\admin\view\template\design\layout_form.tpl on line 115
2016-03-05 2:35:42 - PHP Notice:  Undefined variable: text_content_main in D:\xampp\htdocs\bluesky.vn\admin\view\template\design\layout_form.tpl on line 115
2016-03-05 2:35:42 - PHP Notice:  Undefined variable: text_content_main in D:\xampp\htdocs\bluesky.vn\admin\view\template\design\layout_form.tpl on line 115
2016-03-05 2:35:42 - PHP Notice:  Undefined variable: text_content_main in D:\xampp\htdocs\bluesky.vn\admin\view\template\design\layout_form.tpl on line 189
2016-03-05 2:44:00 - PHP Notice:  Undefined variable: text_content_main in D:\xampp\htdocs\bluesky.vn\admin\view\template\design\layout_form.tpl on line 189
2016-03-05 2:45:14 - PHP Notice:  Undefined variable: text_content_main in D:\xampp\htdocs\bluesky.vn\admin\view\template\design\layout_form.tpl on line 115
2016-03-05 2:45:14 - PHP Notice:  Undefined variable: text_content_main in D:\xampp\htdocs\bluesky.vn\admin\view\template\design\layout_form.tpl on line 115
2016-03-05 2:45:14 - PHP Notice:  Undefined variable: text_content_main in D:\xampp\htdocs\bluesky.vn\admin\view\template\design\layout_form.tpl on line 115
2016-03-05 2:45:14 - PHP Notice:  Undefined variable: text_content_main in D:\xampp\htdocs\bluesky.vn\admin\view\template\design\layout_form.tpl on line 115
2016-03-05 2:45:14 - PHP Notice:  Undefined variable: text_content_main in D:\xampp\htdocs\bluesky.vn\admin\view\template\design\layout_form.tpl on line 189
2016-03-05 2:47:02 - PHP Notice:  Undefined variable: content_main in D:\xampp\htdocs\bluesky.vn\catalog\view\theme\default\template\common\home.tpl on line 6
